#
# A fatal error has been detected by the Java Runtime Environment:
#
#  EXCEPTION_ACCESS_VIOLATION (0xc0000005) at pc=0x00000175813b8200, pid=2856, tid=7488
#
# JRE version: Java(TM) SE Runtime Environment (9.0+11) (build 9.0.1+11)
# Java VM: Java HotSpot(TM) 64-Bit Server VM (9.0.1+11, mixed mode, tiered, compressed oops, g1 gc, windows-amd64)
# Problematic frame:
# C  0x00000175813b8200
#
# No core dump will be written. Minidumps are not enabled by default on client versions of Windows
#
# If you would like to submit a bug report, please visit:
#   http://bugreport.java.com/bugreport/crash.jsp
#

---------------  S U M M A R Y ------------

Command Line: -ea -Dfile.encoding=Cp1252 org.testng.remote.RemoteTestNG -serport 54330 -protocol json -d C:\Users\Kirt Salad\Documents\DuoSeleniumExample\test-output C:\Users\KIRTSA~1\AppData\Local\Temp\testng-eclipse--1494166901\testng-customsuite.xml

Host: Intel(R) Core(TM)2 Quad CPU    Q6700  @ 2.66GHz, 4 cores, 3G,  Windows 10 , 64 bit Build 16299 (10.0.16299.15)
Time: Mon Apr 23 20:37:18 2018 Eastern Daylight Time elapsed time: 1 seconds (0d 0h 0m 1s)

---------------  T H R E A D  ---------------

Current thread (0x00000175e4401000):  JavaThread "main" [_thread_in_Java, id=7488, stack(0x00000026f4b00000,0x00000026f4c00000)]

Stack: [0x00000026f4b00000,0x00000026f4c00000],  sp=0x00000026f4bfbb78,  free space=1006k
Native frames: (J=compiled Java code, j=interpreted, Vv=VM code, C=native code)
C  0x00000175813b8200


siginfo: EXCEPTION_ACCESS_VIOLATION (0xc0000005), data execution prevention violation at address 0x00000175813b8200


Register to memory mapping:

RIP=0x00000175813b8200 is an unknown value
RAX={method} {0x000001758492eba0} 'byteOffset' '(J)J' in 'java/nio/HeapByteBuffer'
RBX={method} {0x000001758492eba0} 'byteOffset' '(J)J' in 'java/nio/HeapByteBuffer'
RCX=0x00000000c33f5120 is an oop
java.nio.HeapByteBuffer 
{0x00000000c33f5120} - klass: 'java/nio/HeapByteBuffer'
RDX=0x00000000c33f5120 is an oop
java.nio.HeapByteBuffer 
{0x00000000c33f5120} - klass: 'java/nio/HeapByteBuffer'
RSP=0x00000026f4bfbb78 is pointing into the stack for thread: 0x00000175e4401000
RBP=0x00000026f4bfbbf8 is pointing into the stack for thread: 0x00000175e4401000
RSI=0x00000000000013a2 is an unknown value
RDI=0x0000000000000138 is an unknown value
R8 =0x00000000000013a2 is an unknown value
R9 =0x00000000c04a5280 is an oop
java.lang.Class 
{0x00000000c04a5280} - klass: 'java/lang/Class'
R10=0x000000006f676bc0 jvm.dll
R11=0x00000175f09f1de0 is at entry_point+32 in (nmethod*)0x00000175f09f1c10
R12=0x0000000000000000 is an unknown value
R13=0x00000026f4bfbb88 is pointing into the stack for thread: 0x00000175e4401000
R14=0x00000026f4bfbc08 is pointing into the stack for thread: 0x00000175e4401000
R15=0x00000175e4401000 is a thread


Registers:
RAX=0x000001758492eb98, RBX=0x000001758492eb98, RCX=0x00000000c33f5120, RDX=0x00000000c33f5120
RSP=0x00000026f4bfbb78, RBP=0x00000026f4bfbbf8, RSI=0x00000000000013a2, RDI=0x0000000000000138
R8 =0x00000000000013a2, R9 =0x00000000c04a5280, R10=0x000000006f676bc0, R11=0x00000175f09f1de0
R12=0x0000000000000000, R13=0x00000026f4bfbb88, R14=0x00000026f4bfbc08, R15=0x00000175e4401000
RIP=0x00000175813b8200, EFLAGS=0x0000000000010202

Top of Stack: (sp=0x00000026f4bfbb78)
0x00000026f4bfbb78:   00000175f03bb110 00000175f03bb110
0x00000026f4bfbb88:   00000000000013a2 0000000000000000
0x00000026f4bfbb98:   00000000c33f5120 00000000c320d140
0x00000026f4bfbba8:   00000000c04c8e30 00000026f4bfbbb0
0x00000026f4bfbbb8:   000001758492f626 00000026f4bfbc08
0x00000026f4bfbbc8:   00000175849310d0 0000017587980ef8
0x00000026f4bfbbd8:   00000000c04a5280 000001758492f648
0x00000026f4bfbbe8:   00000026f4bfbb88 00000026f4bfbc08
0x00000026f4bfbbf8:   00000026f4bfbc68 00000175f03baea0
0x00000026f4bfbc08:   00000000c33f5120 0000000000000999
0x00000026f4bfbc18:   00000000c33f56f8 00000026f4bfbc20
0x00000026f4bfbc28:   000001758797e170 00000026f4bfbcb0
0x00000026f4bfbc38:   000001758797ecf8 0000000000000000
0x00000026f4bfbc48:   00000000c33f5398 000001758797e280
0x00000026f4bfbc58:   00000026f4bfbc08 00000026f4bfbcb0
0x00000026f4bfbc68:   00000026f4bfbd00 00000175f03bb380 

Instructions: (pc=0x00000175813b8200)
0x00000175813b81e0:   
[error occurred during error reporting (printing registers, top of stack, instructions near pc), id 0xc0000005]


---------------  P R O C E S S  ---------------

Java Threads: ( => current thread )
  0x0000017585528800 JavaThread "ReaderThread" [_thread_in_native, id=8504, stack(0x00000026f6400000,0x00000026f6500000)]
  0x00000175853e5800 JavaThread "Service Thread" daemon [_thread_blocked, id=7784, stack(0x00000026f6100000,0x00000026f6200000)]
  0x00000175850fe000 JavaThread "Common-Cleaner" daemon [_thread_blocked, id=1556, stack(0x00000026f6000000,0x00000026f6100000)]
  0x000001758503c800 JavaThread "Sweeper thread" daemon [_thread_blocked, id=4840, stack(0x00000026f5f00000,0x00000026f6000000)]
  0x000001758503b800 JavaThread "C1 CompilerThread2" daemon [_thread_blocked, id=2212, stack(0x00000026f5e00000,0x00000026f5f00000)]
  0x0000017584738800 JavaThread "C2 CompilerThread1" daemon [_thread_blocked, id=4464, stack(0x00000026f5d00000,0x00000026f5e00000)]
  0x0000017585033000 JavaThread "C2 CompilerThread0" daemon [_thread_blocked, id=10060, stack(0x00000026f5c00000,0x00000026f5d00000)]
  0x000001758502a000 JavaThread "Attach Listener" daemon [_thread_blocked, id=4404, stack(0x00000026f5b00000,0x00000026f5c00000)]
  0x0000017585029800 JavaThread "Signal Dispatcher" daemon [_thread_blocked, id=8904, stack(0x00000026f5a00000,0x00000026f5b00000)]
  0x000001758472e000 JavaThread "Finalizer" daemon [_thread_blocked, id=2196, stack(0x00000026f5900000,0x00000026f5a00000)]
  0x0000017584727000 JavaThread "Reference Handler" daemon [_thread_blocked, id=656, stack(0x00000026f5800000,0x00000026f5900000)]
=>0x00000175e4401000 JavaThread "main" [_thread_in_Java, id=7488, stack(0x00000026f4b00000,0x00000026f4c00000)]

Other Threads:
  0x0000017584724800 VMThread "VM Thread" [stack: 0x00000026f5700000,0x00000026f5800000] [id=9408]
  0x00000175853e8000 WatcherThread [stack: 0x00000026f6200000,0x00000026f6300000] [id=4844]
  0x00000175e4416800 GCTaskThread "GC Thread#0" [stack: 0x00000026f4c00000,0x00000026f4d00000] [id=9620]
  0x00000175e4418000 GCTaskThread "GC Thread#1" [stack: 0x00000026f4d00000,0x00000026f4e00000] [id=5612]
  0x00000175e441b000 GCTaskThread "GC Thread#2" [stack: 0x00000026f4e00000,0x00000026f4f00000] [id=868]
  0x00000175e441c000 GCTaskThread "GC Thread#3" [stack: 0x00000026f4f00000,0x00000026f5000000] [id=6464]
  0x00000175e446c800 ConcurrentGCThread "G1 Main Marker" [stack: 0x00000026f5500000,0x00000026f5600000] [id=9168]
  0x00000175e446f800 ConcurrentGCThread "G1 Marker#0" [stack: 0x00000026f5600000,0x00000026f5700000] [id=6316]
  0x00000175e4432800 ConcurrentGCThread "G1 Refine#0" [stack: 0x00000026f5300000,0x00000026f5400000] [id=7428]
  0x00000175e4432000 ConcurrentGCThread "G1 Refine#1" [stack: 0x00000026f5200000,0x00000026f5300000] [id=9724]
  0x00000175e442d000 ConcurrentGCThread "G1 Refine#2" [stack: 0x00000026f5100000,0x00000026f5200000] [id=6420]
  0x00000175e4427800 ConcurrentGCThread "G1 Refine#3" [stack: 0x00000026f5000000,0x00000026f5100000] [id=3152]
  0x00000175e4434800 ConcurrentGCThread "G1 Young RemSet Sampling" [stack: 0x00000026f5400000,0x00000026f5500000] [id=6656]

Threads with active compile tasks:

VM state:not at safepoint (normal execution)

VM Mutex/Monitor currently owned by a thread: None

Heap address: 0x00000000c0000000, size: 1024 MB, Compressed Oops mode: 32-bit
Narrow klass base: 0x0000000000000000, Narrow klass shift: 3
Compressed class space size: 1073741824 Address: 0x0000000100000000

Heap:
 garbage-first heap   total 65536K, used 19794K [0x00000000c0000000, 0x00000000c0100200, 0x0000000100000000)
  region size 1024K, 14 young (14336K), 1 survivors (1024K)
 Metaspace       used 16578K, capacity 16982K, committed 17280K, reserved 1064960K
  class space    used 1724K, capacity 1829K, committed 1920K, reserved 1048576K
Heap Regions: E=young(eden), S=young(survivor), O=old, HS=humongous(starts), HC=humongous(continues), CS=collection set, F=free, A=archive, TS=gc time stamp, AC=allocation context, TAMS=top-at-mark-start (previous, next)
|   0|0x00000000c0000000, 0x00000000c0100000, 0x00000000c0100000|100%|HS|  |TS  0|AC  0|TAMS 0x00000000c0000000, 0x00000000c0000000|
|   1|0x00000000c0100000, 0x00000000c0200000, 0x00000000c0200000|100%| O|  |TS  1|AC  0|TAMS 0x00000000c0100000, 0x00000000c0100000|
|   2|0x00000000c0200000, 0x00000000c0300000, 0x00000000c0300000|100%| O|  |TS  1|AC  0|TAMS 0x00000000c0200000, 0x00000000c0200000|
|   3|0x00000000c0300000, 0x00000000c0400000, 0x00000000c0400000|100%| O|  |TS  1|AC  0|TAMS 0x00000000c0300000, 0x00000000c0300000|
|   4|0x00000000c0400000, 0x00000000c0500000, 0x00000000c0500000|100%| O|  |TS  3|AC  0|TAMS 0x00000000c0400000, 0x00000000c0400000|
|   5|0x00000000c0500000, 0x00000000c0600000, 0x00000000c0600000|100%| O|  |TS  3|AC  0|TAMS 0x00000000c0500000, 0x00000000c0500000|
|   6|0x00000000c0600000, 0x00000000c0654800, 0x00000000c0700000| 33%| O|  |TS  3|AC  0|TAMS 0x00000000c0600000, 0x00000000c0600000|
|   7|0x00000000c0700000, 0x00000000c0700000, 0x00000000c0800000|  0%| F|  |TS  0|AC  0|TAMS 0x00000000c0700000, 0x00000000c0700000|
|   8|0x00000000c0800000, 0x00000000c0800000, 0x00000000c0900000|  0%| F|  |TS  0|AC  0|TAMS 0x00000000c0800000, 0x00000000c0800000|
|   9|0x00000000c0900000, 0x00000000c0900000, 0x00000000c0a00000|  0%| F|  |TS  0|AC  0|TAMS 0x00000000c0900000, 0x00000000c0900000|
|  10|0x00000000c0a00000, 0x00000000c0a00000, 0x00000000c0b00000|  0%| F|  |TS  0|AC  0|TAMS 0x00000000c0a00000, 0x00000000c0a00000|
|  11|0x00000000c0b00000, 0x00000000c0b00000, 0x00000000c0c00000|  0%| F|  |TS  0|AC  0|TAMS 0x00000000c0b00000, 0x00000000c0b00000|
|  12|0x00000000c0c00000, 0x00000000c0c00000, 0x00000000c0d00000|  0%| F|  |TS  0|AC  0|TAMS 0x00000000c0c00000, 0x00000000c0c00000|
|  13|0x00000000c0d00000, 0x00000000c0d00000, 0x00000000c0e00000|  0%| F|  |TS  0|AC  0|TAMS 0x00000000c0d00000, 0x00000000c0d00000|
|  14|0x00000000c0e00000, 0x00000000c0e00000, 0x00000000c0f00000|  0%| F|  |TS  0|AC  0|TAMS 0x00000000c0e00000, 0x00000000c0e00000|
|  15|0x00000000c0f00000, 0x00000000c0f00000, 0x00000000c1000000|  0%| F|  |TS  0|AC  0|TAMS 0x00000000c0f00000, 0x00000000c0f00000|
|  16|0x00000000c1000000, 0x00000000c1000000, 0x00000000c1100000|  0%| F|  |TS  0|AC  0|TAMS 0x00000000c1000000, 0x00000000c1000000|
|  17|0x00000000c1100000, 0x00000000c1100000, 0x00000000c1200000|  0%| F|  |TS  0|AC  0|TAMS 0x00000000c1100000, 0x00000000c1100000|
|  18|0x00000000c1200000, 0x00000000c1200000, 0x00000000c1300000|  0%| F|  |TS  0|AC  0|TAMS 0x00000000c1200000, 0x00000000c1200000|
|  19|0x00000000c1300000, 0x00000000c1300000, 0x00000000c1400000|  0%| F|  |TS  0|AC  0|TAMS 0x00000000c1300000, 0x00000000c1300000|
|  20|0x00000000c1400000, 0x00000000c1400000, 0x00000000c1500000|  0%| F|  |TS  0|AC  0|TAMS 0x00000000c1400000, 0x00000000c1400000|
|  21|0x00000000c1500000, 0x00000000c1500000, 0x00000000c1600000|  0%| F|  |TS  0|AC  0|TAMS 0x00000000c1500000, 0x00000000c1500000|
|  22|0x00000000c1600000, 0x00000000c1600000, 0x00000000c1700000|  0%| F|  |TS  0|AC  0|TAMS 0x00000000c1600000, 0x00000000c1600000|
|  23|0x00000000c1700000, 0x00000000c1700000, 0x00000000c1800000|  0%| F|  |TS  0|AC  0|TAMS 0x00000000c1700000, 0x00000000c1700000|
|  24|0x00000000c1800000, 0x00000000c1800000, 0x00000000c1900000|  0%| F|  |TS  0|AC  0|TAMS 0x00000000c1800000, 0x00000000c1800000|
|  25|0x00000000c1900000, 0x00000000c1900000, 0x00000000c1a00000|  0%| F|  |TS  0|AC  0|TAMS 0x00000000c1900000, 0x00000000c1900000|
|  26|0x00000000c1a00000, 0x00000000c1a00000, 0x00000000c1b00000|  0%| F|  |TS  0|AC  0|TAMS 0x00000000c1a00000, 0x00000000c1a00000|
|  27|0x00000000c1b00000, 0x00000000c1b00000, 0x00000000c1c00000|  0%| F|  |TS  0|AC  0|TAMS 0x00000000c1b00000, 0x00000000c1b00000|
|  28|0x00000000c1c00000, 0x00000000c1c00000, 0x00000000c1d00000|  0%| F|  |TS  0|AC  0|TAMS 0x00000000c1c00000, 0x00000000c1c00000|
|  29|0x00000000c1d00000, 0x00000000c1d00000, 0x00000000c1e00000|  0%| F|  |TS  0|AC  0|TAMS 0x00000000c1d00000, 0x00000000c1d00000|
|  30|0x00000000c1e00000, 0x00000000c1e00000, 0x00000000c1f00000|  0%| F|  |TS  0|AC  0|TAMS 0x00000000c1e00000, 0x00000000c1e00000|
|  31|0x00000000c1f00000, 0x00000000c1f00000, 0x00000000c2000000|  0%| F|  |TS  0|AC  0|TAMS 0x00000000c1f00000, 0x00000000c1f00000|
|  32|0x00000000c2000000, 0x00000000c2000000, 0x00000000c2100000|  0%| F|  |TS  0|AC  0|TAMS 0x00000000c2000000, 0x00000000c2000000|
|  33|0x00000000c2100000, 0x00000000c2100000, 0x00000000c2200000|  0%| F|  |TS  0|AC  0|TAMS 0x00000000c2100000, 0x00000000c2100000|
|  34|0x00000000c2200000, 0x00000000c2200000, 0x00000000c2300000|  0%| F|  |TS  0|AC  0|TAMS 0x00000000c2200000, 0x00000000c2200000|
|  35|0x00000000c2300000, 0x00000000c2300000, 0x00000000c2400000|  0%| F|  |TS  0|AC  0|TAMS 0x00000000c2300000, 0x00000000c2300000|
|  36|0x00000000c2400000, 0x00000000c2400000, 0x00000000c2500000|  0%| F|  |TS  0|AC  0|TAMS 0x00000000c2400000, 0x00000000c2400000|
|  37|0x00000000c2500000, 0x00000000c2500000, 0x00000000c2600000|  0%| F|  |TS  0|AC  0|TAMS 0x00000000c2500000, 0x00000000c2500000|
|  38|0x00000000c2600000, 0x00000000c2600000, 0x00000000c2700000|  0%| F|  |TS  0|AC  0|TAMS 0x00000000c2600000, 0x00000000c2600000|
|  39|0x00000000c2700000, 0x00000000c2700000, 0x00000000c2800000|  0%| F|  |TS  0|AC  0|TAMS 0x00000000c2700000, 0x00000000c2700000|
|  40|0x00000000c2800000, 0x00000000c2800000, 0x00000000c2900000|  0%| F|  |TS  0|AC  0|TAMS 0x00000000c2800000, 0x00000000c2800000|
|  41|0x00000000c2900000, 0x00000000c2900000, 0x00000000c2a00000|  0%| F|  |TS  0|AC  0|TAMS 0x00000000c2900000, 0x00000000c2900000|
|  42|0x00000000c2a00000, 0x00000000c2a00000, 0x00000000c2b00000|  0%| F|  |TS  0|AC  0|TAMS 0x00000000c2a00000, 0x00000000c2a00000|
|  43|0x00000000c2b00000, 0x00000000c2b00000, 0x00000000c2c00000|  0%| F|  |TS  0|AC  0|TAMS 0x00000000c2b00000, 0x00000000c2b00000|
|  44|0x00000000c2c00000, 0x00000000c2c00000, 0x00000000c2d00000|  0%| F|  |TS  0|AC  0|TAMS 0x00000000c2c00000, 0x00000000c2c00000|
|  45|0x00000000c2d00000, 0x00000000c2d00000, 0x00000000c2e00000|  0%| F|  |TS  0|AC  0|TAMS 0x00000000c2d00000, 0x00000000c2d00000|
|  46|0x00000000c2e00000, 0x00000000c2e00000, 0x00000000c2f00000|  0%| F|  |TS  0|AC  0|TAMS 0x00000000c2e00000, 0x00000000c2e00000|
|  47|0x00000000c2f00000, 0x00000000c2f00000, 0x00000000c3000000|  0%| F|  |TS  0|AC  0|TAMS 0x00000000c2f00000, 0x00000000c2f00000|
|  48|0x00000000c3000000, 0x00000000c3000000, 0x00000000c3100000|  0%| F|  |TS  3|AC  0|TAMS 0x00000000c3000000, 0x00000000c3000000|
|  49|0x00000000c3100000, 0x00000000c3100000, 0x00000000c3200000|  0%| F|  |TS  3|AC  0|TAMS 0x00000000c3100000, 0x00000000c3100000|
|  50|0x00000000c3200000, 0x00000000c322a610, 0x00000000c3300000| 16%| E|  |TS  1|AC  0|TAMS 0x00000000c3200000, 0x00000000c3200000|
|  51|0x00000000c3300000, 0x00000000c3400000, 0x00000000c3400000|100%| E|CS|TS  1|AC  0|TAMS 0x00000000c3300000, 0x00000000c3300000|
|  52|0x00000000c3400000, 0x00000000c3500000, 0x00000000c3500000|100%| E|CS|TS  1|AC  0|TAMS 0x00000000c3400000, 0x00000000c3400000|
|  53|0x00000000c3500000, 0x00000000c3600000, 0x00000000c3600000|100%| E|CS|TS  1|AC  0|TAMS 0x00000000c3500000, 0x00000000c3500000|
|  54|0x00000000c3600000, 0x00000000c3700000, 0x00000000c3700000|100%| E|CS|TS  1|AC  0|TAMS 0x00000000c3600000, 0x00000000c3600000|
|  55|0x00000000c3700000, 0x00000000c3800000, 0x00000000c3800000|100%| E|CS|TS  1|AC  0|TAMS 0x00000000c3700000, 0x00000000c3700000|
|  56|0x00000000c3800000, 0x00000000c3900000, 0x00000000c3900000|100%| E|CS|TS  1|AC  0|TAMS 0x00000000c3800000, 0x00000000c3800000|
|  57|0x00000000c3900000, 0x00000000c3a00000, 0x00000000c3a00000|100%| S|CS|TS  3|AC  0|TAMS 0x00000000c3900000, 0x00000000c3900000|
|  58|0x00000000c3a00000, 0x00000000c3b00000, 0x00000000c3b00000|100%| E|CS|TS  3|AC  0|TAMS 0x00000000c3a00000, 0x00000000c3a00000|
|  59|0x00000000c3b00000, 0x00000000c3c00000, 0x00000000c3c00000|100%| E|CS|TS  3|AC  0|TAMS 0x00000000c3b00000, 0x00000000c3b00000|
|  60|0x00000000c3c00000, 0x00000000c3d00000, 0x00000000c3d00000|100%| E|CS|TS  3|AC  0|TAMS 0x00000000c3c00000, 0x00000000c3c00000|
|  61|0x00000000c3d00000, 0x00000000c3e00000, 0x00000000c3e00000|100%| E|CS|TS  3|AC  0|TAMS 0x00000000c3d00000, 0x00000000c3d00000|
|  62|0x00000000c3e00000, 0x00000000c3f00000, 0x00000000c3f00000|100%| E|CS|TS  3|AC  0|TAMS 0x00000000c3e00000, 0x00000000c3e00000|
|  63|0x00000000c3f00000, 0x00000000c4000000, 0x00000000c4000000|100%| E|CS|TS  3|AC  0|TAMS 0x00000000c3f00000, 0x00000000c3f00000|

Card table byte_map: [0x00000175ffdd0000,0x00000175fffd0000] byte_map_base: 0x00000175ff7d0000

Marking Bits (Prev, Next): (CMBitMap*) 0x00000175e446bf10, (CMBitMap*) 0x00000175e446bf48
 Prev Bits: [0x0000017580200000, 0x0000017581200000)
 Next Bits: [0x0000017581200000, 0x0000017582200000)

Polling page: 0x00000175e2200000

CodeHeap 'non-profiled nmethods': size=120064Kb used=513Kb max_used=513Kb free=119550Kb
 bounds [0x00000175f7e70000, 0x00000175f80e0000, 0x00000175ff3b0000]
CodeHeap 'profiled nmethods': size=120000Kb used=3009Kb max_used=3009Kb free=116990Kb
 bounds [0x00000175f0940000, 0x00000175f0c40000, 0x00000175f7e70000]
CodeHeap 'non-nmethods': size=5696Kb used=1259Kb max_used=1274Kb free=4436Kb
 bounds [0x00000175f03b0000, 0x00000175f0620000, 0x00000175f0940000]
 total_blobs=2215 nmethods=1470 adapters=348
 compilation: enabled

Compilation events (10 events):
Event: 1.369 Thread 0x0000017584738800 nmethod 1453 0x00000175f7eed590 code [0x00000175f7eed760, 0x00000175f7eedbe8]
Event: 1.375 Thread 0x000001758503b800 1460       3       sun.invoke.util.VerifyAccess::isClassAccessible (182 bytes)
Event: 1.376 Thread 0x000001758503b800 nmethod 1460 0x00000175f0c2ae10 code [0x00000175f0c2b120, 0x00000175f0c2c580]
Event: 1.376 Thread 0x000001758503b800 1462       3       jdk.internal.org.objectweb.asm.MethodWriter::<init> (268 bytes)
Event: 1.377 Thread 0x000001758503b800 nmethod 1462 0x00000175f0c2ca10 code [0x00000175f0c2ccc0, 0x00000175f0c2dc90]
Event: 1.377 Thread 0x000001758503b800 1470       1       java.nio.HeapByteBuffer::byteOffset (7 bytes)
Event: 1.378 Thread 0x000001758503b800 nmethod 1470 0x00000175f7eee410 code [0x00000175f7eee5c0, 0x00000175f7eee6d8]
Event: 1.378 Thread 0x000001758503b800 1464       3       jdk.internal.misc.Unsafe::getCharUnaligned (12 bytes)
Event: 1.378 Thread 0x000001758503b800 nmethod 1464 0x00000175f0c2e190 code [0x00000175f0c2e340, 0x00000175f0c2e5d8]
Event: 1.378 Thread 0x000001758503b800 1465       3       jdk.internal.misc.Unsafe::getCharUnaligned (34 bytes)

GC Heap History (4 events):
Event: 0.848 GC heap before
{Heap before GC invocations=0 (full 0):
 garbage-first heap   total 65536K, used 15360K [0x00000000c0000000, 0x00000000c0100200, 0x0000000100000000)
  region size 1024K, 14 young (14336K), 0 survivors (0K)
 Metaspace       used 11124K, capacity 11426K, committed 11776K, reserved 1060864K
  class space    used 1104K, capacity 1165K, committed 1280K, reserved 1048576K
}
Event: 0.858 GC heap after
{Heap after GC invocations=1 (full 0):
 garbage-first heap   total 65536K, used 6505K [0x00000000c0000000, 0x00000000c0100200, 0x0000000100000000)
  region size 1024K, 2 young (2048K), 2 survivors (2048K)
 Metaspace       used 11124K, capacity 11426K, committed 11776K, reserved 1060864K
  class space    used 1104K, capacity 1165K, committed 1280K, reserved 1048576K
}
Event: 1.052 GC heap before
{Heap before GC invocations=1 (full 0):
 garbage-first heap   total 65536K, used 12649K [0x00000000c0000000, 0x00000000c0100200, 0x0000000100000000)
  region size 1024K, 8 young (8192K), 2 survivors (2048K)
 Metaspace       used 12824K, capacity 13196K, committed 13440K, reserved 1060864K
  class space    used 1277K, capacity 1366K, committed 1408K, reserved 1048576K
}
Event: 1.063 GC heap after
{Heap after GC invocations=2 (full 0):
 garbage-first heap   total 65536K, used 7506K [0x00000000c0000000, 0x00000000c0100200, 0x0000000100000000)
  region size 1024K, 1 young (1024K), 1 survivors (1024K)
 Metaspace       used 12824K, capacity 13196K, committed 13440K, reserved 1060864K
  class space    used 1277K, capacity 1366K, committed 1408K, reserved 1048576K
}

Deoptimization events (10 events):
Event: 0.496 Thread 0x00000175e4401000 Uncommon trap: reason=unstable_if action=reinterpret pc=0x00000175f7e89f18 method=java.util.zip.ZipFile$Source.isMetaName([BII)Z @ 43 c2
Event: 0.510 Thread 0x00000175e4401000 Uncommon trap: reason=unstable_if action=reinterpret pc=0x00000175f7e893fc method=java.io.WinNTFileSystem.isSlash(C)Z @ 9 c2
Event: 0.511 Thread 0x00000175e4401000 Uncommon trap: reason=bimorphic_or_optimized_type_check action=maybe_recompile pc=0x00000175f7e9a7d0 method=java.util.HashMap.getNode(ILjava/lang/Object;)Ljava/util/HashMap$Node; @ 59 c2
Event: 0.589 Thread 0x00000175e4401000 Uncommon trap: reason=unstable_if action=reinterpret pc=0x00000175f7e765c0 method=java.net.URI.match(CJJ)Z @ 45 c2
Event: 0.676 Thread 0x00000175e4401000 Uncommon trap: reason=bimorphic_or_optimized_type_check action=maybe_recompile pc=0x00000175f7e9a7d0 method=java.util.HashMap.getNode(ILjava/lang/Object;)Ljava/util/HashMap$Node; @ 59 c2
Event: 0.709 Thread 0x00000175e4401000 Uncommon trap: reason=bimorphic_or_optimized_type_check action=maybe_recompile pc=0x00000175f7e9a7d0 method=java.util.HashMap.getNode(ILjava/lang/Object;)Ljava/util/HashMap$Node; @ 59 c2
Event: 1.141 Thread 0x00000175e4401000 Uncommon trap: reason=unstable_if action=reinterpret pc=0x00000175f7ec43a8 method=java.lang.StringLatin1.regionMatchesCI([BI[BII)Z @ 66 c2
Event: 1.220 Thread 0x00000175e4401000 Uncommon trap: reason=unstable_if action=reinterpret pc=0x00000175f7eb6f34 method=java.util.HashMap.putVal(ILjava/lang/Object;Ljava/lang/Object;ZZ)Ljava/lang/Object; @ 162 c2
Event: 1.340 Thread 0x00000175e4401000 Uncommon trap: reason=unstable_if action=reinterpret pc=0x00000175f7e7b5b4 method=java.lang.StringLatin1.regionMatchesCI([BI[BII)Z @ 66 c2
Event: 1.375 Thread 0x00000175e4401000 Uncommon trap: reason=unstable_if action=reinterpret pc=0x00000175f7ee7958 method=java.io.ByteArrayInputStream.read([BII)I @ 63 c2

Classes redefined (0 events):
No events

Internal exceptions (10 events):
Event: 0.795 Thread 0x00000175e4401000 Exception <a 'java/lang/NoSuchMethodError'{0x00000000c3339ec0}: method resolution failed> (0x00000000c3339ec0) thrown at [t:/workspace/hotspot/src/share/vm/prims/methodHandles.cpp, line 1256]
Event: 0.796 Thread 0x00000175e4401000 Exception <a 'java/lang/NoSuchMethodError'{0x00000000c333d550}: java.lang.invoke.DirectMethodHandle$Holder.invokeStaticInit(Ljava/lang/Object;Ljava/lang/Object;IIII)Ljava/lang/Object;> (0x00000000c333d550) thrown at [t:/workspace/hotspot/src/share/vm/inte
Event: 1.321 Thread 0x00000175e4401000 Exception <a 'java/lang/NoSuchMethodError'{0x00000000c34612a0}: method resolution failed> (0x00000000c34612a0) thrown at [t:/workspace/hotspot/src/share/vm/prims/methodHandles.cpp, line 1256]
Event: 1.321 Thread 0x00000175e4401000 Exception <a 'java/lang/NoSuchMethodError'{0x00000000c3464c58}: java.lang.invoke.DirectMethodHandle$Holder.invokeStaticInit(Ljava/lang/Object;Ljava/lang/Object;Ljava/lang/Object;Ljava/lang/Object;)I> (0x00000000c3464c58) thrown at [t:/workspace/hotspot/sr
Event: 1.322 Thread 0x00000175e4401000 Exception <a 'java/lang/NoSuchMethodError'{0x00000000c346e748}: java.lang.invoke.DirectMethodHandle$Holder.invokeInterface(Ljava/lang/Object;Ljava/lang/Object;)Ljava/lang/Object;> (0x00000000c346e748) thrown at [t:/workspace/hotspot/src/share/vm/interpret
Event: 1.322 Thread 0x00000175e4401000 Exception <a 'java/lang/IncompatibleClassChangeError'{0x00000000c34715d0}: Found class java.lang.Object, but interface was expected> (0x00000000c34715d0) thrown at [t:/workspace/hotspot/src/share/vm/interpreter/linkResolver.cpp, line 793]
Event: 1.323 Thread 0x00000175e4401000 Exception <a 'java/lang/NoSuchMethodError'{0x00000000c34748a8}: java.lang.invoke.DirectMethodHandle$Holder.invokeStaticInit(Ljava/lang/Object;Ljava/lang/Object;)V> (0x00000000c34748a8) thrown at [t:/workspace/hotspot/src/share/vm/interpreter/linkResolver.
Event: 1.324 Thread 0x00000175e4401000 Exception <a 'java/lang/NoSuchMethodError'{0x00000000c3479f18}: java.lang.invoke.DirectMethodHandle$Holder.invokeStaticInit(Ljava/lang/Object;Ljava/lang/Object;)I> (0x00000000c3479f18) thrown at [t:/workspace/hotspot/src/share/vm/interpreter/linkResolver.
Event: 1.332 Thread 0x00000175e4401000 Exception <a 'sun/nio/fs/WindowsException'{0x00000000c34ab570}> (0x00000000c34ab570) thrown at [t:/workspace/hotspot/src/share/vm/prims/jni.cpp, line 604]
Event: 1.333 Thread 0x00000175e4401000 Exception <a 'java/lang/NoSuchMethodError'{0x00000000c34acc80}: java.lang.Object.lambda$negate$3(I)Z> (0x00000000c34acc80) thrown at [t:/workspace/hotspot/src/share/vm/interpreter/linkResolver.cpp, line 731]

Events (10 events):
Event: 1.376 loading class sun/text/normalizer/Trie2_16
Event: 1.376 loading class sun/text/normalizer/Trie2
Event: 1.376 loading class sun/text/normalizer/Trie2 done
Event: 1.376 loading class sun/text/normalizer/Trie2_16 done
Event: 1.376 loading class sun/text/normalizer/Trie2$1
Event: 1.376 loading class sun/text/normalizer/Trie2$ValueMapper
Event: 1.376 loading class sun/text/normalizer/Trie2$ValueMapper done
Event: 1.376 loading class sun/text/normalizer/Trie2$1 done
Event: 1.376 loading class sun/text/normalizer/Trie2$UTrie2Header
Event: 1.376 loading class sun/text/normalizer/Trie2$UTrie2Header done


Dynamic libraries:
0x00007ff7b9fd0000 - 0x00007ff7ba00e000 	C:\Program Files\Java\jdk-9.0.1\bin\javaw.exe
0x00007ff999db0000 - 0x00007ff999f90000 	C:\WINDOWS\SYSTEM32\ntdll.dll
0x00007ff998280000 - 0x00007ff99832e000 	C:\WINDOWS\System32\KERNEL32.DLL
0x00007ff996330000 - 0x00007ff996596000 	C:\WINDOWS\System32\KERNELBASE.dll
0x00007ff997b60000 - 0x00007ff997c01000 	C:\WINDOWS\System32\ADVAPI32.dll
0x00007ff998680000 - 0x00007ff99871d000 	C:\WINDOWS\System32\msvcrt.dll
0x00007ff999d20000 - 0x00007ff999d7b000 	C:\WINDOWS\System32\sechost.dll
0x00007ff998720000 - 0x00007ff99883f000 	C:\WINDOWS\System32\RPCRT4.dll
0x00007ff998480000 - 0x00007ff99860f000 	C:\WINDOWS\System32\USER32.dll
0x00007ff997260000 - 0x00007ff997280000 	C:\WINDOWS\System32\win32u.dll
0x00007ff998230000 - 0x00007ff998258000 	C:\WINDOWS\System32\GDI32.dll
0x00007ff9965a0000 - 0x00007ff996733000 	C:\WINDOWS\System32\gdi32full.dll
0x00007ff996740000 - 0x00007ff9967db000 	C:\WINDOWS\System32\msvcp_win.dll
0x00007ff996230000 - 0x00007ff996326000 	C:\WINDOWS\System32\ucrtbase.dll
0x00007ff98edb0000 - 0x00007ff98f019000 	C:\WINDOWS\WinSxS\amd64_microsoft.windows.common-controls_6595b64144ccf1df_6.0.16299.371_none_15c7d1789365a290\COMCTL32.dll
0x00007ff98f4e0000 - 0x00007ff98f4ea000 	C:\WINDOWS\SYSTEM32\VERSION.dll
0x00007ff997c10000 - 0x00007ff997f18000 	C:\WINDOWS\System32\combase.dll
0x00007ff9961b0000 - 0x00007ff996222000 	C:\WINDOWS\System32\bcryptPrimitives.dll
0x00007ff997400000 - 0x00007ff99742d000 	C:\WINDOWS\System32\IMM32.DLL
0x00007ff98d790000 - 0x00007ff98d87f000 	C:\Program Files\Java\jdk-9.0.1\bin\msvcr120.dll
0x00007ff985f90000 - 0x00007ff986036000 	C:\Program Files\Java\jdk-9.0.1\bin\msvcp120.dll
0x000000006ed00000 - 0x000000006f724000 	C:\Program Files\Java\jdk-9.0.1\bin\server\jvm.dll
0x00007ff997280000 - 0x00007ff997288000 	C:\WINDOWS\System32\PSAPI.DLL
0x00007ff992a70000 - 0x00007ff992a93000 	C:\WINDOWS\SYSTEM32\WINMM.dll
0x00007ff98bf70000 - 0x00007ff98bf79000 	C:\WINDOWS\SYSTEM32\WSOCK32.dll
0x00007ff998610000 - 0x00007ff99867c000 	C:\WINDOWS\System32\WS2_32.dll
0x00007ff992a40000 - 0x00007ff992a6a000 	C:\WINDOWS\SYSTEM32\winmmbase.dll
0x00007ff996a10000 - 0x00007ff996a5a000 	C:\WINDOWS\System32\cfgmgr32.dll
0x00007ff991720000 - 0x00007ff99172f000 	C:\Program Files\Java\jdk-9.0.1\bin\verify.dll
0x00007ff98c670000 - 0x00007ff98c697000 	C:\Program Files\Java\jdk-9.0.1\bin\java.dll
0x00007ff98c650000 - 0x00007ff98c666000 	C:\Program Files\Java\jdk-9.0.1\bin\zip.dll
0x00007ff991710000 - 0x00007ff99171a000 	C:\Program Files\Java\jdk-9.0.1\bin\jimage.dll
0x00007ff9988e0000 - 0x00007ff999d16000 	C:\WINDOWS\System32\SHELL32.dll
0x00007ff997450000 - 0x00007ff9974f6000 	C:\WINDOWS\System32\shcore.dll
0x00007ff996a60000 - 0x00007ff9971a7000 	C:\WINDOWS\System32\windows.storage.dll
0x00007ff997560000 - 0x00007ff9975b1000 	C:\WINDOWS\System32\shlwapi.dll
0x00007ff996100000 - 0x00007ff996111000 	C:\WINDOWS\System32\kernel.appcore.dll
0x00007ff996140000 - 0x00007ff99618c000 	C:\WINDOWS\System32\powrprof.dll
0x00007ff996190000 - 0x00007ff9961ab000 	C:\WINDOWS\System32\profapi.dll
0x00007ff98c630000 - 0x00007ff98c64a000 	C:\Program Files\Java\jdk-9.0.1\bin\net.dll
0x00007ff98d3b0000 - 0x00007ff98d48e000 	C:\WINDOWS\SYSTEM32\WINHTTP.dll
0x00007ff995990000 - 0x00007ff9959f6000 	C:\WINDOWS\system32\mswsock.dll
0x00007ff98c5e0000 - 0x00007ff98c5f1000 	C:\Program Files\Java\jdk-9.0.1\bin\nio.dll
0x00007ff995760000 - 0x00007ff995816000 	C:\WINDOWS\SYSTEM32\DNSAPI.dll
0x00007ff997430000 - 0x00007ff997438000 	C:\WINDOWS\System32\NSI.dll
0x00007ff995720000 - 0x00007ff995759000 	C:\WINDOWS\SYSTEM32\IPHLPAPI.DLL
0x000000006f940000 - 0x000000006f966000 	C:\Program Files\Bonjour\mdnsNSP.dll
0x00007ff98c9b0000 - 0x00007ff98c9ba000 	C:\Windows\System32\rasadhlp.dll
0x00007ff98d340000 - 0x00007ff98d3b0000 	C:\WINDOWS\System32\fwpuclnt.dll
0x00007ff995c60000 - 0x00007ff995c85000 	C:\WINDOWS\SYSTEM32\bcrypt.dll
0x00007ff995b50000 - 0x00007ff995b67000 	C:\WINDOWS\SYSTEM32\CRYPTSP.dll
0x00007ff995590000 - 0x00007ff9955c3000 	C:\WINDOWS\system32\rsaenh.dll
0x00007ff996000000 - 0x00007ff996029000 	C:\WINDOWS\SYSTEM32\USERENV.dll
0x00007ff995b70000 - 0x00007ff995b7b000 	C:\WINDOWS\SYSTEM32\CRYPTBASE.dll
0x00007ff98d250000 - 0x00007ff98d266000 	C:\WINDOWS\SYSTEM32\dhcpcsvc6.DLL
0x00007ff98d230000 - 0x00007ff98d24a000 	C:\WINDOWS\SYSTEM32\dhcpcsvc.DLL
0x00007ff9768c0000 - 0x00007ff9768e3000 	C:\Program Files\Java\jdk-9.0.1\bin\sunec.dll
0x00007ff987400000 - 0x00007ff9875c8000 	C:\WINDOWS\SYSTEM32\dbghelp.dll

VM Arguments:
jvm_args: -ea -Dfile.encoding=Cp1252 
java_command: org.testng.remote.RemoteTestNG -serport 54330 -protocol json -d C:\Users\Kirt Salad\Documents\DuoSeleniumExample\test-output C:\Users\KIRTSA~1\AppData\Local\Temp\testng-eclipse--1494166901\testng-customsuite.xml
java_class_path (initial): C:\Users\Kirt Salad\eclipse\jee-oxygen\eclipse\configuration\org.eclipse.osgi\1016\0\.cp\lib\testng-remote.jar;C:\Users\Kirt Salad\Documents\DuoSeleniumExample\target\test-classes;C:\Users\Kirt Salad\Documents\DuoSeleniumExample\target\classes;C:\Users\Kirt Salad\.m2\repository\org\seleniumhq\selenium\selenium-java\3.11.0\selenium-java-3.11.0.jar;C:\Users\Kirt Salad\.m2\repository\org\seleniumhq\selenium\selenium-api\3.11.0\selenium-api-3.11.0.jar;C:\Users\Kirt Salad\.m2\repository\org\seleniumhq\selenium\selenium-chrome-driver\3.11.0\selenium-chrome-driver-3.11.0.jar;C:\Users\Kirt Salad\.m2\repository\org\seleniumhq\selenium\selenium-edge-driver\3.11.0\selenium-edge-driver-3.11.0.jar;C:\Users\Kirt Salad\.m2\repository\org\seleniumhq\selenium\selenium-firefox-driver\3.11.0\selenium-firefox-driver-3.11.0.jar;C:\Users\Kirt Salad\.m2\repository\org\seleniumhq\selenium\selenium-ie-driver\3.11.0\selenium-ie-driver-3.11.0.jar;C:\Users\Kirt Salad\.m2\repository\org\seleniumhq\selenium\selenium-opera-driver\3.11.0\selenium-opera-driver-3.11.0.jar;C:\Users\Kirt Salad\.m2\repository\org\seleniumhq\selenium\selenium-remote-driver\3.11.0\selenium-remote-driver-3.11.0.jar;C:\Users\Kirt Salad\.m2\repository\org\seleniumhq\selenium\selenium-safari-driver\3.11.0\selenium-safari-driver-3.11.0.jar;C:\Users\Kirt Salad\.m2\repository\org\seleniumhq\selenium\selenium-support\3.11.0\selenium-support-3.11.0.jar;C:\Users\Kirt Salad\.m2\repository\net\bytebuddy\byte-buddy\1.7.9\byte-buddy-1.7.9.jar;C:\Users\Kirt Salad\.m2\repository\org\apache\commons\commons-exec\1.3\commons-exec-1.3.jar;C:\Users\Kirt Salad\.m2\repository\commons-codec\commons-codec\1.10\commons-codec-1.10.jar;C:\Users\Kirt Salad\.m2\repository\commons-logging\commons-logging\1.2\commons-logging-1.2.jar;C:\Users\Kirt Salad\.m2\repository\com\google\code\gson\gson\2.8.2\gson-2.8.2.jar;C:\Users\Kirt Salad\.m2\repository\com\google\guava\guava\23.6-jre\guava-23.6-jre.jar;C:\Users\Kirt Salad\.m2\re
Launcher Type: SUN_STANDARD

Logging:
Log output configuration:
#0: stdout all=warning uptime,level,tags
#1: stderr all=off uptime,level,tags

Environment Variables:
JAVA_HOME=C:\Program Files\Java\jdk-9.0.1
PATH=C:/Program Files/Java/jdk-9.0.1/bin/server;C:/Program Files/Java/jdk-9.0.1/bin;C:\WINDOWS\system32;C:\WINDOWS;C:\WINDOWS\System32\Wbem;C:\WINDOWS\System32\WindowsPowerShell\v1.0\;C:\Program Files\Git\cmd;C:\Program Files\Gecko;C:\Program Files\Java\jdk-9.0.1\bin;C:\Users\Kirt Salad\E2EProject\resources\apache-maven-3.5.2\bin;C:\Program Files\PHP;C:\ProgramData\ComposerSetup\bin;C:\Users\Kirt Salad\AppData\Local\Programs\Python\Python36-32\Scripts\;C:\Users\Kirt Salad\AppData\Local\Programs\Python\Python36-32\;C:\Users\Kirt Salad\AppData\Local\Microsoft\WindowsApps;C:\Users\Kirt Salad\AppData\Roaming\Composer\vendor\bin;C:\WINDOWS\system32;
USERNAME=Kirt Salad
OS=Windows_NT
PROCESSOR_IDENTIFIER=Intel64 Family 6 Model 15 Stepping 11, GenuineIntel



---------------  S Y S T E M  ---------------

OS: Windows 10 , 64 bit Build 16299 (10.0.16299.15)

CPU:total 4 (initial active 4) (4 cores per cpu, 1 threads per core) family 6 model 15 stepping 11, cmov, cx8, fxsr, mmx, sse, sse2, sse3, ssse3, tsc

Memory: 4k page, physical 4192544k(1229296k free), swap 7993632k(3492640k free)

vm_info: Java HotSpot(TM) 64-Bit Server VM (9.0.1+11) for windows-amd64 JRE (9.0.1+11), built on Sep 28 2017 04:54:03 by "mach5one" with MS VC++ 12.0 (VS2013)

END.
